mode: count
github.com/kai20020918/makit/main.go:8.13,10.2 1 0
github.com/kai20020918/makit/cmd/main/makit.go:7.13,9.2 1 0
github.com/kai20020918/makit/cmd/root.go:25.47,26.14 1 0
github.com/kai20020918/makit/cmd/root.go:26.14,30.4 3 0
github.com/kai20020918/makit/cmd/root.go:32.3,33.17 2 0
github.com/kai20020918/makit/cmd/root.go:33.17,35.18 2 0
github.com/kai20020918/makit/cmd/root.go:35.18,37.5 1 0
github.com/kai20020918/makit/cmd/root.go:37.10,40.5 2 0
github.com/kai20020918/makit/cmd/root.go:41.4,41.15 1 0
github.com/kai20020918/makit/cmd/root.go:41.15,43.5 1 0
github.com/kai20020918/makit/cmd/root.go:46.3,47.22 2 0
github.com/kai20020918/makit/cmd/root.go:47.22,49.18 2 0
github.com/kai20020918/makit/cmd/root.go:49.18,52.5 2 0
github.com/kai20020918/makit/cmd/root.go:53.4,54.15 2 0
github.com/kai20020918/makit/cmd/root.go:54.15,56.5 1 0
github.com/kai20020918/makit/cmd/root.go:59.3,59.29 1 0
github.com/kai20020918/makit/cmd/root.go:59.29,60.15 1 0
github.com/kai20020918/makit/cmd/root.go:60.15,62.5 1 0
github.com/kai20020918/makit/cmd/root.go:64.4,65.26 2 0
github.com/kai20020918/makit/cmd/root.go:65.26,66.17 1 0
github.com/kai20020918/makit/cmd/root.go:66.17,68.17 2 0
github.com/kai20020918/makit/cmd/root.go:68.17,70.7 1 0
github.com/kai20020918/makit/cmd/root.go:71.6,71.14 1 0
github.com/kai20020918/makit/cmd/root.go:74.5,74.33 1 0
github.com/kai20020918/makit/cmd/root.go:74.33,75.17 1 0
github.com/kai20020918/makit/cmd/root.go:75.17,77.7 1 0
github.com/kai20020918/makit/cmd/root.go:78.6,79.20 2 0
github.com/kai20020918/makit/cmd/root.go:79.20,81.15 2 0
github.com/kai20020918/makit/cmd/root.go:83.6,83.49 1 0
github.com/kai20020918/makit/cmd/root.go:84.11,85.17 1 0
github.com/kai20020918/makit/cmd/root.go:85.17,87.7 1 0
github.com/kai20020918/makit/cmd/root.go:88.6,89.20 2 0
github.com/kai20020918/makit/cmd/root.go:89.20,90.18 1 0
github.com/kai20020918/makit/cmd/root.go:90.18,92.8 1 0
github.com/kai20020918/makit/cmd/root.go:93.7,93.29 1 0
github.com/kai20020918/makit/cmd/root.go:95.6,96.20 2 0
github.com/kai20020918/makit/cmd/root.go:96.20,98.15 2 0
github.com/kai20020918/makit/cmd/root.go:100.6,101.44 2 0
github.com/kai20020918/makit/cmd/root.go:103.10,105.16 2 0
github.com/kai20020918/makit/cmd/root.go:105.16,107.6 1 0
github.com/kai20020918/makit/cmd/root.go:110.4,110.18 1 0
github.com/kai20020918/makit/cmd/root.go:110.18,111.16 1 0
github.com/kai20020918/makit/cmd/root.go:111.16,113.6 1 0
github.com/kai20020918/makit/cmd/root.go:114.5,114.25 1 0
github.com/kai20020918/makit/cmd/root.go:116.4,116.24 1 0
github.com/kai20020918/makit/cmd/root.go:116.24,117.16 1 0
github.com/kai20020918/makit/cmd/root.go:117.16,119.6 1 0
github.com/kai20020918/makit/cmd/root.go:120.5,120.37 1 0
github.com/kai20020918/makit/cmd/root.go:126.16,127.42 1 0
github.com/kai20020918/makit/cmd/root.go:127.42,130.3 2 0
github.com/kai20020918/makit/cmd/root.go:133.13,138.2 4 1
